<?xml version="1.0" encoding="UTF-8"?>
<testsuites name="jest tests" tests="119" failures="0" errors="0" time="21.985">
  <testsuite name="I18nProvider" errors="0" failures="0" skipped="1" timestamp="2021-06-07T10:15:06" time="5.491" tests="13">
    <testcase classname="I18nProvider should choose the browser language" name="I18nProvider should choose the browser language" time="0.113">
    </testcase>
    <testcase classname="I18nProvider should use fallbacks for ui translations" name="I18nProvider should use fallbacks for ui translations" time="0.059">
    </testcase>
    <testcase classname="I18nProvider should choose the default fallback for ui translations" name="I18nProvider should choose the default fallback for ui translations" time="0.057">
    </testcase>
    <testcase classname="I18nProvider should set ui language to content language" name="I18nProvider should set ui language to content language" time="0.123">
    </testcase>
    <testcase classname="I18nProvider should choose rtl with ar as language" name="I18nProvider should choose rtl with ar as language" time="0.044">
    </testcase>
    <testcase classname="I18nProvider should choose ltr with en as language" name="I18nProvider should choose ltr with en as language" time="0.063">
    </testcase>
    <testcase classname="I18nProvider should set document language" name="I18nProvider should set document language" time="0.064">
    </testcase>
    <testcase classname="I18nProvider should use additional font for arabic" name="I18nProvider should use additional font for arabic" time="0.022">
    </testcase>
    <testcase classname="I18nProvider should use no additional font for english" name="I18nProvider should use no additional font for english" time="0.013">
    </testcase>
    <testcase classname="I18nProvider should use zh-CN if any chinese variant is chosen" name="I18nProvider should use zh-CN if any chinese variant is chosen" time="0.021">
    </testcase>
    <testcase classname="I18nProvider should support language tags with dashes" name="I18nProvider should support language tags with dashes" time="0.014">
    </testcase>
    <testcase classname="I18nProvider should support de-DE and select de" name="I18nProvider should support de-DE and select de" time="0.031">
    </testcase>
    <testcase classname="I18nProvider should remember the language over sessions" name="I18nProvider should remember the language over sessions" time="0">
      <skipped/>
    </testcase>
  </testsuite>
  <testsuite name="LocationLayout" errors="0" failures="0" skipped="2" timestamp="2021-06-07T10:15:06" time="6.131" tests="4">
    <testcase classname="LocationLayout renderToolbar should render a CategoriesToolbar if current route is categories" name="LocationLayout renderToolbar should render a CategoriesToolbar if current route is categories" time="0">
      <skipped/>
    </testcase>
    <testcase classname="LocationLayout renderToolbar should render a LocationToolbar if current route is not categories" name="LocationLayout renderToolbar should render a LocationToolbar if current route is not categories" time="0">
      <skipped/>
    </testcase>
    <testcase classname="LocationLayout should show LocationHeader and LocationFooter if not loading" name="LocationLayout should show LocationHeader and LocationFooter if not loading" time="0.242">
    </testcase>
    <testcase classname="LocationLayout should not render LocationFooter if loading" name="LocationLayout should not render LocationFooter if loading" time="0.053">
    </testcase>
  </testsuite>
  <testsuite name="FeedbackBoxContainer" errors="0" failures="0" skipped="0" timestamp="2021-06-07T10:15:06" time="6.731" tests="10">
    <testcase classname="FeedbackBoxContainer should set the submit that an error occurred" name="FeedbackBoxContainer should set the submit that an error occurred" time="0.902">
    </testcase>
    <testcase classname="FeedbackBoxContainer should successfully request feedback for categories" name="FeedbackBoxContainer should successfully request feedback for categories" time="0.137">
    </testcase>
    <testcase classname="FeedbackBoxContainer should successfully request feedback for null" name="FeedbackBoxContainer should successfully request feedback for null" time="0.076">
    </testcase>
    <testcase classname="FeedbackBoxContainer should successfully request feedback for events" name="FeedbackBoxContainer should successfully request feedback for events" time="0.06">
    </testcase>
    <testcase classname="FeedbackBoxContainer should successfully request feedback for null" name="FeedbackBoxContainer should successfully request feedback for null" time="0.092">
    </testcase>
    <testcase classname="FeedbackBoxContainer should successfully request feedback for extra" name="FeedbackBoxContainer should successfully request feedback for extra" time="0.06">
    </testcase>
    <testcase classname="FeedbackBoxContainer should successfully request feedback for extras" name="FeedbackBoxContainer should successfully request feedback for extras" time="0.117">
    </testcase>
    <testcase classname="FeedbackBoxContainer should successfully request feedback for null" name="FeedbackBoxContainer should successfully request feedback for null" time="0.079">
    </testcase>
    <testcase classname="FeedbackBoxContainer should successfully request feedback for null" name="FeedbackBoxContainer should successfully request feedback for null" time="0.121">
    </testcase>
    <testcase classname="FeedbackBoxContainer should successfully request feedback for categories" name="FeedbackBoxContainer should successfully request feedback for categories" time="0.16">
    </testcase>
  </testsuite>
  <testsuite name="Tile" errors="0" failures="0" skipped="0" timestamp="2021-06-07T10:15:13" time="1.149" tests="3">
    <testcase classname="Tile should render a Link if path is not an external url" name="Tile should render a Link if path is not an external url" time="0.06">
    </testcase>
    <testcase classname="Tile should render a a-Tag if path is not an external url" name="Tile should render a a-Tag if path is not an external url" time="0.004">
    </testcase>
    <testcase classname="Tile should render a form-Tag if path is not an external url and has postData" name="Tile should render a form-Tag if path is not an external url and has postData" time="0.003">
    </testcase>
  </testsuite>
  <testsuite name="ScrollingSearchBox" errors="0" failures="0" skipped="0" timestamp="2021-06-07T10:15:13" time="1.254" tests="4">
    <testcase classname="ScrollingSearchBox should render" name="ScrollingSearchBox should render" time="0.052">
    </testcase>
    <testcase classname="ScrollingSearchBox should space search" name="ScrollingSearchBox should space search" time="0.003">
    </testcase>
    <testcase classname="ScrollingSearchBox should pass onFilterTextChange and onStickyTopChanged" name="ScrollingSearchBox should pass onFilterTextChange and onStickyTopChanged" time="0.372">
    </testcase>
    <testcase classname="ScrollingSearchBox should set correct reference" name="ScrollingSearchBox should set correct reference" time="0.025">
    </testcase>
  </testsuite>
  <testsuite name="Tiles" errors="0" failures="0" skipped="0" timestamp="2021-06-07T10:15:13" time="0.823" tests="1">
    <testcase classname="Tiles should match snapshot" name="Tiles should match snapshot" time="0.012">
    </testcase>
  </testsuite>
  <testsuite name="ListItem" errors="0" failures="0" skipped="0" timestamp="2021-06-07T10:15:14" time="0.73" tests="2">
    <testcase classname="ListItem should render a Link and match snapshot" name="ListItem should render a Link and match snapshot" time="0.011">
    </testcase>
    <testcase classname="ListItem should render an Anchor and match snapshot" name="ListItem should render an Anchor and match snapshot" time="0.002">
    </testcase>
  </testsuite>
  <testsuite name="FeedbackBox" errors="0" failures="0" skipped="0" timestamp="2021-06-07T10:15:14" time="1.104" tests="5">
    <testcase classname="FeedbackBox button should be disabled for negative Feedback and no input" name="FeedbackBox button should be disabled for negative Feedback and no input" time="0.217">
    </testcase>
    <testcase classname="FeedbackBox button should be enabled for positive Feedback and no input" name="FeedbackBox button should be enabled for positive Feedback and no input" time="0.025">
    </testcase>
    <testcase classname="FeedbackBox button should be enabled for negative Feedback and input" name="FeedbackBox button should be enabled for negative Feedback and input" time="0.028">
    </testcase>
    <testcase classname="FeedbackBox onSubmit should be called on button press" name="FeedbackBox onSubmit should be called on button press" time="0.04">
    </testcase>
    <testcase classname="FeedbackBox should call callback on contact mail changed" name="FeedbackBox should call callback on contact mail changed" time="0.027">
    </testcase>
  </testsuite>
  <testsuite name="EventJsonLd" errors="0" failures="0" skipped="0" timestamp="2021-06-07T10:15:15" time="0.92" tests="1">
    <testcase classname="EventJsonLd should output valid json-ld" name="EventJsonLd should output valid json-ld" time="0.095">
    </testcase>
  </testsuite>
  <testsuite name="HeaderActionItemDropDown" errors="0" failures="0" skipped="0" timestamp="2021-06-07T10:15:14" time="1.692" tests="6">
    <testcase classname="HeaderActionItemDropDown should open and close dropdown" name="HeaderActionItemDropDown should open and close dropdown" time="0.523">
    </testcase>
    <testcase classname="HeaderActionItemDropDown should close if clicked outside" name="HeaderActionItemDropDown should close if clicked outside" time="0.147">
    </testcase>
    <testcase classname="HeaderActionItemDropDown should close if inner component demands" name="HeaderActionItemDropDown should close if inner component demands" time="0.132">
    </testcase>
    <testcase classname="HeaderActionItemDropDown should close if pressing escape" name="HeaderActionItemDropDown should close if pressing escape" time="0.109">
    </testcase>
    <testcase classname="HeaderActionItemDropDown should close if pressing enter" name="HeaderActionItemDropDown should close if pressing enter" time="0.059">
    </testcase>
    <testcase classname="HeaderActionItemDropDown should be closed from the beginning" name="HeaderActionItemDropDown should be closed from the beginning" time="0.012">
    </testcase>
  </testsuite>
  <testsuite name="BreadcrumbsJsonLd" errors="0" failures="0" skipped="0" timestamp="2021-06-07T10:15:15" time="0.878" tests="1">
    <testcase classname="BreadcrumbsJsonLd should output valid json-ld" name="BreadcrumbsJsonLd should output valid json-ld" time="0.11">
    </testcase>
  </testsuite>
  <testsuite name="Header" errors="0" failures="0" skipped="0" timestamp="2021-06-07T10:15:16" time="0.96" tests="3">
    <testcase classname="Header should match snapshot with smallViewport" name="Header should match snapshot with smallViewport" time="0.01">
    </testcase>
    <testcase classname="Header should match snapshot with largeViewport" name="Header should match snapshot with largeViewport" time="0.003">
    </testcase>
    <testcase classname="Header should pass onStickyTopChanged to Headroom" name="Header should pass onStickyTopChanged to Headroom" time="0.07">
    </testcase>
  </testsuite>
  <testsuite name="RemoteContent" errors="0" failures="0" skipped="0" timestamp="2021-06-07T10:15:16" time="0.863" tests="3">
    <testcase classname="RemoteContent should render the html content" name="RemoteContent should render the html content" time="0.042">
    </testcase>
    <testcase classname="RemoteContent should trigger on internalLinkClick for internal links" name="RemoteContent should trigger on internalLinkClick for internal links" time="0.095">
    </testcase>
    <testcase classname="RemoteContent should not trigger on internalLinkClick for external links" name="RemoteContent should not trigger on internalLinkClick for external links" time="0.057">
    </testcase>
  </testsuite>
  <testsuite name="FeedbackToolbarItem" errors="0" failures="0" skipped="0" timestamp="2021-06-07T10:15:17" time="0.678" tests="2">
    <testcase classname="FeedbackToolbarItem should render a positive FeedbackToolbarItem" name="FeedbackToolbarItem should render a positive FeedbackToolbarItem" time="0.014">
    </testcase>
    <testcase classname="FeedbackToolbarItem should render a negative FeedbackToolbarItem" name="FeedbackToolbarItem should render a negative FeedbackToolbarItem" time="0.009">
    </testcase>
  </testsuite>
  <testsuite name="FeedbackModal" errors="0" failures="0" skipped="0" timestamp="2021-06-07T10:15:16" time="1.336" tests="1">
    <testcase classname="FeedbackModal should display thanks message after successfully submitting feedback" name="FeedbackModal should display thanks message after successfully submitting feedback" time="0.497">
    </testcase>
  </testsuite>
  <testsuite name="FailureSwitcher" errors="0" failures="0" skipped="0" timestamp="2021-06-07T10:15:17" time="1.174" tests="13">
    <testcase classname="FailureSwitcher render category component not found failure should render a category not found failure and match snapshot" name="FailureSwitcher render category component not found failure should render a category not found failure and match snapshot" time="0.003">
    </testcase>
    <testcase classname="FailureSwitcher render category component not found failure should call render content not found component and create a Failure component" name="FailureSwitcher render category component not found failure should call render content not found component and create a Failure component" time="0.077">
    </testcase>
    <testcase classname="FailureSwitcher render event component not found failure should render a event not found failure and match snapshot" name="FailureSwitcher render event component not found failure should render a event not found failure and match snapshot" time="0.001">
    </testcase>
    <testcase classname="FailureSwitcher render event component not found failure should call render content not found component and create a Failure component" name="FailureSwitcher render event component not found failure should call render content not found component and create a Failure component" time="0.019">
    </testcase>
    <testcase classname="FailureSwitcher render local component not found failure should render a local not found failure and match snapshot" name="FailureSwitcher render local component not found failure should render a local not found failure and match snapshot" time="0">
    </testcase>
    <testcase classname="FailureSwitcher render local component not found failure should call render content not found component and create a Failure component" name="FailureSwitcher render local component not found failure should call render content not found component and create a Failure component" time="0.015">
    </testcase>
    <testcase classname="FailureSwitcher render tu-news component not found failure should render a tu-news not found failure and match snapshot" name="FailureSwitcher render tu-news component not found failure should render a tu-news not found failure and match snapshot" time="0.013">
    </testcase>
    <testcase classname="FailureSwitcher render tu-news component not found failure should call render content not found component and create a Failure component" name="FailureSwitcher render tu-news component not found failure should call render content not found component and create a Failure component" time="0.017">
    </testcase>
    <testcase classname="FailureSwitcher render offer component not found failure should render a offer not found failure and match snapshot" name="FailureSwitcher render offer component not found failure should render a offer not found failure and match snapshot" time="0.001">
    </testcase>
    <testcase classname="FailureSwitcher render offer component not found failure should call render content not found component and create a Failure component" name="FailureSwitcher render offer component not found failure should call render content not found component and create a Failure component" time="0.05">
    </testcase>
    <testcase classname="FailureSwitcher render poi component not found failure should render a poi not found failure and match snapshot" name="FailureSwitcher render poi component not found failure should render a poi not found failure and match snapshot" time="0.001">
    </testcase>
    <testcase classname="FailureSwitcher render poi component not found failure should call render content not found component and create a Failure component" name="FailureSwitcher render poi component not found failure should call render content not found component and create a Failure component" time="0.04">
    </testcase>
    <testcase classname="FailureSwitcher should render a failure as default" name="FailureSwitcher should render a failure as default" time="0.026">
    </testcase>
  </testsuite>
  <testsuite name="Breadcrumbs" errors="0" failures="0" skipped="0" timestamp="2021-06-07T10:15:18" time="0.429" tests="1">
    <testcase classname="Breadcrumbs should render and match snapshot" name="Breadcrumbs should render and match snapshot" time="0.005">
    </testcase>
  </testsuite>
  <testsuite name="ToolbarItem" errors="0" failures="0" skipped="0" timestamp="2021-06-07T10:15:18" time="0.352" tests="1">
    <testcase classname="ToolbarItem should render" name="ToolbarItem should render" time="0.029">
    </testcase>
  </testsuite>
  <testsuite name="FeedbackThanksMessage" errors="0" failures="0" skipped="0" timestamp="2021-06-07T10:15:20" time="0.46" tests="1">
    <testcase classname="FeedbackThanksMessage should display information sending information" name="FeedbackThanksMessage should display information sending information" time="0.025">
    </testcase>
  </testsuite>
  <testsuite name="ModalHeader" errors="0" failures="0" skipped="0" timestamp="2021-06-07T10:15:20" time="0.762" tests="1">
    <testcase classname="ModalHeader should call close function when clicking on close" name="ModalHeader should call close function when clicking on close" time="0.209">
    </testcase>
  </testsuite>
  <testsuite name="Helmet" errors="0" failures="0" skipped="0" timestamp="2021-06-07T10:15:20" time="0.974" tests="2">
    <testcase classname="Helmet should render and match snapshot" name="Helmet should render and match snapshot" time="0.007">
    </testcase>
    <testcase classname="Helmet should add noindex tag, if city is not live" name="Helmet should add noindex tag, if city is not live" time="0.003">
    </testcase>
  </testsuite>
  <testsuite name="Page" errors="0" failures="0" skipped="0" timestamp="2021-06-07T10:15:21" time="0.595" tests="1">
    <testcase classname="Page should render" name="Page should render" time="0.004">
    </testcase>
  </testsuite>
  <testsuite name="Failure" errors="0" failures="0" skipped="0" timestamp="2021-06-07T10:15:21" time="0.933" tests="2">
    <testcase classname="Failure should render a simple failure and match snapshot" name="Failure should render a simple failure and match snapshot" time="0.041">
    </testcase>
    <testcase classname="Failure should render a failure with goToPath and goToMessage and match snapshot" name="Failure should render a failure with goToPath and goToMessage and match snapshot" time="0.008">
    </testcase>
  </testsuite>
  <testsuite name="SearchInput" errors="0" failures="0" skipped="0" timestamp="2021-06-07T10:15:21" time="0.791" tests="4">
    <testcase classname="SearchInput should render" name="SearchInput should render" time="0.003">
    </testcase>
    <testcase classname="SearchInput should render and space search" name="SearchInput should render and space search" time="0.009">
    </testcase>
    <testcase classname="SearchInput connect should render" name="SearchInput connect should render" time="0.003">
    </testcase>
    <testcase classname="SearchInput should pass onFilterTextChange and onClickInput" name="SearchInput should pass onFilterTextChange and onClickInput" time="0.196">
    </testcase>
  </testsuite>
  <testsuite name="FeedbackComment" errors="0" failures="0" skipped="0" timestamp="2021-06-07T10:15:21" time="0.671" tests="1">
    <testcase classname="FeedbackComment should call callback on comment changed" name="FeedbackComment should call callback on comment changed" time="0.015">
    </testcase>
  </testsuite>
  <testsuite name="HeaderLogo" errors="0" failures="0" skipped="0" timestamp="2021-06-07T10:15:22" time="0.679" tests="4">
    <testcase classname="HeaderLogo should show the regular header app icon if there is no campaign" name="HeaderLogo should show the regular header app icon if there is no campaign" time="0.041">
    </testcase>
    <testcase classname="HeaderLogo should show the campaign logo if the current date is between start and end date" name="HeaderLogo should show the campaign logo if the current date is between start and end date" time="0.022">
    </testcase>
    <testcase classname="HeaderLogo should show the regular logo if the current date is before the start date" name="HeaderLogo should show the regular logo if the current date is before the start date" time="0.006">
    </testcase>
    <testcase classname="HeaderLogo should show the regular logo if the current date is after the end date" name="HeaderLogo should show the regular logo if the current date is after the end date" time="0.006">
    </testcase>
  </testsuite>
  <testsuite name="Selector" errors="0" failures="0" skipped="0" timestamp="2021-06-07T10:15:22" time="0.719" tests="2">
    <testcase classname="Selector should match snapshot" name="Selector should match snapshot" time="0.011">
    </testcase>
    <testcase classname="Selector should be vertical and match snapshot" name="Selector should be vertical and match snapshot" time="0.003">
    </testcase>
  </testsuite>
  <testsuite name="GeneralFooter" errors="0" failures="0" skipped="0" timestamp="2021-06-07T10:15:22" time="0.925" tests="1">
    <testcase classname="GeneralFooter should match snapshot" name="GeneralFooter should match snapshot" time="0.004">
    </testcase>
  </testsuite>
  <testsuite name="PageDetail" errors="0" failures="0" skipped="0" timestamp="2021-06-07T10:15:23" time="0.525" tests="1">
    <testcase classname="PageDetail should render" name="PageDetail should render" time="0.003">
    </testcase>
  </testsuite>
  <testsuite name="GeneralHeader" errors="0" failures="0" skipped="0" timestamp="2021-06-07T10:15:23" time="0.94" tests="1">
    <testcase classname="GeneralHeader should match snapshot" name="GeneralHeader should match snapshot" time="0.008">
    </testcase>
  </testsuite>
  <testsuite name="featuredImageToSrcSet" errors="0" failures="0" skipped="0" timestamp="2021-06-07T10:15:23" time="0.681" tests="1">
    <testcase classname="featuredImageToSrcSet should calculate the correct sizes for srcSet and encode urls" name="featuredImageToSrcSet should calculate the correct sizes for srcSet and encode urls" time="0.001">
    </testcase>
  </testsuite>
  <testsuite name="HeaderNavigationItem" errors="0" failures="0" skipped="0" timestamp="2021-06-07T10:15:23" time="0.767" tests="1">
    <testcase classname="HeaderNavigationItem should render an ActiveNavigationItem" name="HeaderNavigationItem should render an ActiveNavigationItem" time="0.07">
    </testcase>
  </testsuite>
  <testsuite name="Layout" errors="0" failures="0" skipped="0" timestamp="2021-06-07T10:15:24" time="0.647" tests="1">
    <testcase classname="Layout should render all components" name="Layout should render all components" time="0.003">
    </testcase>
  </testsuite>
  <testsuite name="LocationHeader" errors="0" failures="0" skipped="13" timestamp="2021-06-07T10:15:24" time="0.871" tests="13">
    <testcase classname="LocationHeader NavigationItems should be empty if all other header items are disabled" name="LocationHeader NavigationItems should be empty if all other header items are disabled" time="0.001">
      <skipped/>
    </testcase>
    <testcase classname="LocationHeader NavigationItems should show categories if events are enabled" name="LocationHeader NavigationItems should show categories if events are enabled" time="0">
      <skipped/>
    </testcase>
    <testcase classname="LocationHeader NavigationItems should show categories if news are enabled" name="LocationHeader NavigationItems should show categories if news are enabled" time="0">
      <skipped/>
    </testcase>
    <testcase classname="LocationHeader NavigationItems should show categories, news, events, offers, pois" name="LocationHeader NavigationItems should show categories, news, events, offers, pois" time="0">
      <skipped/>
    </testcase>
    <testcase classname="LocationHeader NavigationItems should highlight local information if route corresponds" name="LocationHeader NavigationItems should highlight local information if route corresponds" time="0">
      <skipped/>
    </testcase>
    <testcase classname="LocationHeader NavigationItems should highlight news if the local news route is selected" name="LocationHeader NavigationItems should highlight news if the local news route is selected" time="0">
      <skipped/>
    </testcase>
    <testcase classname="LocationHeader NavigationItems should highlight news if the local news detail route is selected" name="LocationHeader NavigationItems should highlight news if the local news detail route is selected" time="0">
      <skipped/>
    </testcase>
    <testcase classname="LocationHeader NavigationItems should highlight news if the tu news route is selected" name="LocationHeader NavigationItems should highlight news if the tu news route is selected" time="0">
      <skipped/>
    </testcase>
    <testcase classname="LocationHeader NavigationItems should highlight news if the tu news detail route is selected" name="LocationHeader NavigationItems should highlight news if the tu news detail route is selected" time="0">
      <skipped/>
    </testcase>
    <testcase classname="LocationHeader NavigationItems should highlight events if route corresponds" name="LocationHeader NavigationItems should highlight events if route corresponds" time="0">
      <skipped/>
    </testcase>
    <testcase classname="LocationHeader NavigationItems should highlight offers if offers route is active" name="LocationHeader NavigationItems should highlight offers if offers route is active" time="0">
      <skipped/>
    </testcase>
    <testcase classname="LocationHeader NavigationItems should highlight offers if sprungbrett route is selected" name="LocationHeader NavigationItems should highlight offers if sprungbrett route is selected" time="0">
      <skipped/>
    </testcase>
    <testcase classname="LocationHeader NavigationItems should highlight pois if pois route is selected" name="LocationHeader NavigationItems should highlight pois if pois route is selected" time="0">
      <skipped/>
    </testcase>
  </testsuite>
  <testsuite name="Toolbar" errors="0" failures="0" skipped="0" timestamp="2021-06-07T10:15:24" time="0.653" tests="1">
    <testcase classname="Toolbar should render" name="Toolbar should render" time="0.003">
    </testcase>
  </testsuite>
  <testsuite name="LocationFooter" errors="0" failures="0" skipped="0" timestamp="2021-06-07T10:15:24" time="0.898" tests="1">
    <testcase classname="LocationFooter should match snapshot" name="LocationFooter should match snapshot" time="0.004">
    </testcase>
  </testsuite>
  <testsuite name="LocationToolbar" errors="0" failures="0" skipped="0" timestamp="2021-06-07T10:15:25" time="0.727" tests="1">
    <testcase classname="LocationToolbar should match snapshot" name="LocationToolbar should match snapshot" time="0.004">
    </testcase>
  </testsuite>
  <testsuite name="HeaderLanguageSelectorItem" errors="0" failures="0" skipped="0" timestamp="2021-06-07T10:15:25" time="0.664" tests="2">
    <testcase classname="HeaderLanguageSelectorItem should render a HeaderDropDown with a Selector if there are selectorItems" name="HeaderLanguageSelectorItem should render a HeaderDropDown with a Selector if there are selectorItems" time="0.012">
    </testcase>
    <testcase classname="HeaderLanguageSelectorItem should render an icon with a tooltip if there are no selectorItems" name="HeaderLanguageSelectorItem should render an icon with a tooltip if there are no selectorItems" time="0.002">
    </testcase>
  </testsuite>
  <testsuite name="LastUpdateInfo" errors="0" failures="0" skipped="0" timestamp="2021-06-07T10:15:25" time="0.882" tests="1">
    <testcase classname="LastUpdateInfo should match snapshot" name="LastUpdateInfo should match snapshot" time="0.007">
    </testcase>
  </testsuite>
  <testsuite name="urlFromPath" errors="0" failures="0" skipped="0" timestamp="2021-06-07T10:15:25" time="0.589" tests="1">
    <testcase classname="urlFromPath should give the correct url" name="urlFromPath should give the correct url" time="0.001">
    </testcase>
  </testsuite>
  <testsuite name="Caption" errors="0" failures="0" skipped="0" timestamp="2021-06-07T10:15:26" time="0.397" tests="1">
    <testcase classname="Caption should render" name="Caption should render" time="0.002">
    </testcase>
  </testsuite>
</testsuites>